frontend/modules/hermnet-tor/android/build/intermediates/manifest_merge_blame_file/debug/processDebugManifest/manifest-merger-blame-debug-report.txt
1<?xml version="1.0" encoding="utf-8"?>
2<manifest xmlns:android="http://schemas.android.com/apk/res/android"
3    package="expo.modules.hermnettor" >
4
5    <uses-sdk android:minSdkVersion="24" />
6    <!-- Tor necesita acceso a internet para construir circuitos hacia los relays. -->
7    <uses-permission android:name="android.permission.INTERNET" />
7-->src/main/AndroidManifest.xml:3:5-66
7-->src/main/AndroidManifest.xml:3:22-64
8    <uses-permission android:name="android.permission.ACCESS_NETWORK_STATE" />
8-->src/main/AndroidManifest.xml:4:5-78
8-->src/main/AndroidManifest.xml:4:22-76
9
10</manifest>